App starting up ...
Loaded rolls: ['rock', 'paper', 'scissors', 'fire', 'sponge', 'air', 'water'] from rolls.json.
1 has logged in.
New game starting between 1 and Computer.
1 rolls sponge and Computer rolls paper
1 takes the round!
Score is 1: 1 and Computer: 0.
1 rolls air and Computer rolls scissors
Computer takes the round!
Score is 1: 1 and Computer: 1.
1 rolls fire and Computer rolls sponge
1 takes the round!
Score is 1: 2 and Computer: 1.
1 rolls sponge and Computer rolls fire
Computer takes the round!
Score is 1: 2 and Computer: 2.
1 rolls paper and Computer rolls air
1 takes the round!
Score is 1: 3 and Computer: 2.
1 wins the game!
Game over!
App starting up ...
Loaded rolls: ['rock', 'paper', 'scissors', 'fire', 'sponge', 'air', 'water'] from rolls.json.
John has logged in.
New game starting between John and Computer.
John rolls rock and Computer rolls paper
Computer takes the round!
Score is John: 0 and Computer: 1.
John rolls paper and Computer rolls air
John takes the round!
Score is John: 1 and Computer: 1.
John rolls scissors and Computer rolls water
Computer takes the round!
Score is John: 1 and Computer: 2.
John rolls fire and Computer rolls rock
Computer takes the round!
Score is John: 1 and Computer: 3.
Computer wins the game!
Game over!
App starting up ...
Loaded rolls: ['rock', 'paper', 'scissors', 'fire', 'sponge', 'air', 'water'] from rolls.json.
Jane has logged in.
New game starting between Jane and Computer.
Jane rolls rock and Computer rolls sponge
Jane takes the round!
Score is Jane: 1 and Computer: 0.
Jane rolls paper and Computer rolls water
Jane takes the round!
Score is Jane: 2 and Computer: 0.
Jane rolls scissors and Computer rolls paper
Jane takes the round!
Score is Jane: 3 and Computer: 0.
Jane wins the game!
Game over!
[2020-09-26T20:42:09.946707] - App starting up ...
[2020-09-26T20:42:09.946707] - Loaded rolls: ['rock', 'paper', 'scissors', 'fire', 'sponge', 'air', 'water'] from rolls.json.
[2020-09-26T20:42:15.303034] - App starting up ...
[2020-09-26T20:42:15.303034] - Loaded rolls: ['rock', 'paper', 'scissors', 'fire', 'sponge', 'air', 'water'] from rolls.json.
[2020-09-26T20:42:25.209429] - John has logged in.
[2020-09-26T20:42:25.210416] - New game starting between John and Computer.
[2020-09-26T20:42:28.265764] - John rolls rock and Computer rolls sponge
[2020-09-26T20:42:28.265764] - John takes the round!
[2020-09-26T20:42:28.266764] - Score is John: 1 and Computer: 0.
[2020-09-26T20:42:29.745856] - John rolls paper and Computer rolls water
[2020-09-26T20:42:29.745856] - John takes the round!
[2020-09-26T20:42:29.746856] - Score is John: 2 and Computer: 0.
[2020-09-26T20:42:31.122149] - John rolls scissors and Computer rolls paper
[2020-09-26T20:42:31.122149] - John takes the round!
[2020-09-26T20:42:31.123168] - Score is John: 3 and Computer: 0.
[2020-09-26T20:42:31.123168] - John wins the game!
[2020-09-26T20:42:31.124150] - Game over!
