App starting up ...
Loaded rolls: ['rock', 'paper', 'scissors', 'fire', 'sponge', 'air', 'water'] from rolls.json.
1 has logged in.
New game starting between 1 and Computer.
1 rolls sponge and Computer rolls paper
1 takes the round!
Score is 1: 1 and Computer: 0.
1 rolls air and Computer rolls scissors
Computer takes the round!
Score is 1: 1 and Computer: 1.
1 rolls fire and Computer rolls sponge
1 takes the round!
Score is 1: 2 and Computer: 1.
1 rolls sponge and Computer rolls fire
Computer takes the round!
Score is 1: 2 and Computer: 2.
1 rolls paper and Computer rolls air
1 takes the round!
Score is 1: 3 and Computer: 2.
1 wins the game!
Game over!
App starting up ...
Loaded rolls: ['rock', 'paper', 'scissors', 'fire', 'sponge', 'air', 'water'] from rolls.json.
John has logged in.
New game starting between John and Computer.
John rolls rock and Computer rolls paper
Computer takes the round!
Score is John: 0 and Computer: 1.
John rolls paper and Computer rolls air
John takes the round!
Score is John: 1 and Computer: 1.
John rolls scissors and Computer rolls water
Computer takes the round!
Score is John: 1 and Computer: 2.
John rolls fire and Computer rolls rock
Computer takes the round!
Score is John: 1 and Computer: 3.
Computer wins the game!
Game over!
App starting up ...
Loaded rolls: ['rock', 'paper', 'scissors', 'fire', 'sponge', 'air', 'water'] from rolls.json.
Jane has logged in.
New game starting between Jane and Computer.
Jane rolls rock and Computer rolls sponge
Jane takes the round!
Score is Jane: 1 and Computer: 0.
Jane rolls paper and Computer rolls water
Jane takes the round!
Score is Jane: 2 and Computer: 0.
Jane rolls scissors and Computer rolls paper
Jane takes the round!
Score is Jane: 3 and Computer: 0.
Jane wins the game!
Game over!
[2020-09-26T20:42:09.946707] - App starting up ...
[2020-09-26T20:42:09.946707] - Loaded rolls: ['rock', 'paper', 'scissors', 'fire', 'sponge', 'air', 'water'] from rolls.json.
[2020-09-26T20:42:15.303034] - App starting up ...
[2020-09-26T20:42:15.303034] - Loaded rolls: ['rock', 'paper', 'scissors', 'fire', 'sponge', 'air', 'water'] from rolls.json.
[2020-09-26T20:42:25.209429] - John has logged in.
[2020-09-26T20:42:25.210416] - New game starting between John and Computer.
[2020-09-26T20:42:28.265764] - John rolls rock and Computer rolls sponge
[2020-09-26T20:42:28.265764] - John takes the round!
[2020-09-26T20:42:28.266764] - Score is John: 1 and Computer: 0.
[2020-09-26T20:42:29.745856] - John rolls paper and Computer rolls water
[2020-09-26T20:42:29.745856] - John takes the round!
[2020-09-26T20:42:29.746856] - Score is John: 2 and Computer: 0.
[2020-09-26T20:42:31.122149] - John rolls scissors and Computer rolls paper
[2020-09-26T20:42:31.122149] - John takes the round!
[2020-09-26T20:42:31.123168] - Score is John: 3 and Computer: 0.
[2020-09-26T20:42:31.123168] - John wins the game!
[2020-09-26T20:42:31.124150] - Game over!
[2020-09-28T15:54:20.848274] - App starting up ...
[2020-09-28T15:54:20.854273] - Loaded rolls: ['rock', 'paper', 'scissors', 'fire', 'sponge', 'air', 'water'] from rolls.json.
[2020-09-28T15:59:51.760621] - App starting up ...
[2020-09-28T15:59:51.761620] - Loaded rolls: ['rock', 'paper', 'scissors', 'fire', 'sponge', 'air', 'water'] from rolls.json.
[2020-09-28T16:03:46.866659] - App starting up ...
[2020-09-28T16:03:46.867647] - Loaded rolls: ['rock', 'paper', 'scissors', 'fire', 'sponge', 'air', 'water'] from rolls.json.
[2020-09-28T16:03:56.775363] - John has logged in.
[2020-09-28T16:03:56.775363] - New game starting between John and Computer.
[2020-09-28T16:03:59.765228] - John rolls rock and Computer rolls fire
[2020-09-28T16:03:59.766212] - John takes the round!
[2020-09-28T16:03:59.766212] - Score is John: 1 and Computer: 0.
[2020-09-28T16:04:02.445477] - John rolls paper and Computer rolls fire
[2020-09-28T16:04:02.446462] - Computer takes the round!
[2020-09-28T16:04:02.446462] - Score is John: 1 and Computer: 1.
[2020-09-28T16:04:04.517255] - John rolls scissors and Computer rolls sponge
[2020-09-28T16:04:04.518273] - John takes the round!
[2020-09-28T16:04:04.518273] - Score is John: 2 and Computer: 1.
[2020-09-28T16:04:06.181210] - John rolls fire and Computer rolls air
[2020-09-28T16:04:06.182191] - Computer takes the round!
[2020-09-28T16:04:06.182191] - Score is John: 2 and Computer: 2.
[2020-09-28T16:04:07.541903] - John rolls sponge and Computer rolls rock
[2020-09-28T16:04:07.541903] - Computer takes the round!
[2020-09-28T16:04:07.541903] - Score is John: 2 and Computer: 3.
[2020-09-28T16:04:07.542890] - Computer wins the game!
[2020-09-28T16:04:07.543887] - Game over!
[2020-09-28T17:23:14.784168] - App starting up ...
[2020-09-28T17:23:14.784168] - Loaded rolls: ['rock', 'paper', 'scissors', 'fire', 'sponge', 'air', 'water'] from rolls.json.
[2020-09-28T17:23:20.988556] - John has logged in.
[2020-09-28T17:23:20.989556] - New game starting between John and Computer.
[2020-09-28T17:33:11.697395] - App starting up ...
[2020-09-28T17:33:11.698378] - Loaded rolls: ['rock', 'paper', 'scissors', 'fire', 'sponge', 'air', 'water'] from rolls.json.
[2020-09-28T17:33:28.585245] - John has logged in.
[2020-09-28T17:33:28.585245] - New game starting between John and Computer.
[2020-09-28T17:33:43.600714] - John rolls rock and Computer rolls fire
[2020-09-28T17:33:43.601732] - John takes the round!
[2020-09-28T17:33:43.602716] - Score is John: 1 and Computer: 0.
[2020-09-28T17:33:47.353281] - John rolls paper and Computer rolls air
[2020-09-28T17:33:47.354288] - John takes the round!
[2020-09-28T17:33:47.355299] - Score is John: 2 and Computer: 0.
[2020-09-28T17:33:50.617433] - John rolls scissors and Computer rolls paper
[2020-09-28T17:33:50.618423] - John takes the round!
[2020-09-28T17:33:50.618423] - Score is John: 3 and Computer: 0.
[2020-09-28T17:33:50.620421] - John wins the game!
[2020-09-28T17:33:50.621420] - Game over!
[2020-09-28T17:33:59.142840] - App starting up ...
[2020-09-28T17:33:59.143822] - Loaded rolls: ['rock', 'paper', 'scissors', 'fire', 'sponge', 'air', 'water'] from rolls.json.
[2020-09-28T17:34:04.386252] - John has logged in.
[2020-09-28T17:34:04.387237] - New game starting between John and Computer.
[2020-09-28T17:57:19.380931] - App starting up ...
[2020-09-28T17:57:19.380931] - Loaded rolls: ['rock', 'paper', 'scissors', 'fire', 'sponge', 'air', 'water'] from rolls.json.
[2020-09-28T17:57:22.707485] - John has logged in.
[2020-09-28T17:57:22.708493] - New game starting between John and Computer.
[2020-09-28T17:58:56.182400] - App starting up ...
[2020-09-28T17:58:56.183377] - Loaded rolls: ['rock', 'paper', 'scissors', 'fire', 'sponge', 'air', 'water'] from rolls.json.
[2020-09-28T17:58:59.091521] - John has logged in.
[2020-09-28T17:58:59.092501] - New game starting between John and Computer.
[2020-09-28T17:59:05.692627] - John rolls fire and Computer rolls air
[2020-09-28T17:59:05.693610] - Computer takes the round!
[2020-09-28T17:59:05.693610] - Score is John: 0 and Computer: 1.
[2020-09-28T17:59:16.459867] - John rolls rock and Computer rolls scissors
[2020-09-28T17:59:16.460872] - John takes the round!
[2020-09-28T17:59:16.460872] - Score is John: 1 and Computer: 1.
[2020-09-28T17:59:20.724051] - John rolls rock and Computer rolls air
[2020-09-28T17:59:20.725053] - Computer takes the round!
[2020-09-28T17:59:20.725053] - Score is John: 1 and Computer: 2.
[2020-09-28T17:59:27.220564] - John rolls sponge and Computer rolls sponge
[2020-09-28T17:59:27.220564] - This round was a tie!
[2020-09-28T17:59:27.221563] - Score is John: 1 and Computer: 2.
[2020-09-28T17:59:32.348158] - John rolls paper and Computer rolls paper
[2020-09-28T17:59:32.349157] - This round was a tie!
[2020-09-28T17:59:32.349157] - Score is John: 1 and Computer: 2.
[2020-09-28T17:59:38.332022] - John rolls sponge and Computer rolls water
[2020-09-28T17:59:38.333036] - John takes the round!
[2020-09-28T17:59:38.334025] - Score is John: 2 and Computer: 2.
[2020-09-28T17:59:41.844049] - John rolls rock and Computer rolls sponge
[2020-09-28T17:59:41.845045] - John takes the round!
[2020-09-28T17:59:41.845045] - Score is John: 3 and Computer: 2.
[2020-09-28T17:59:41.847056] - John wins the game!
[2020-09-28T17:59:41.848045] - Game over!
[2020-09-28T18:04:56.632471] - App starting up ...
[2020-09-28T18:04:56.633463] - Loaded rolls: ['rock', 'paper', 'scissors', 'fire', 'sponge', 'air', 'water'] from rolls.json.
[2020-09-28T18:05:00.329973] - John has logged in.
[2020-09-28T18:05:00.330992] - New game starting between John and Computer.
[2020-09-28T18:05:07.058352] - John rolls paper and Computer rolls scissors
[2020-09-28T18:05:07.059362] - Computer takes the round!
[2020-09-28T18:05:07.060349] - Score is John: 0 and Computer: 1.
[2020-09-28T18:05:12.451449] - John rolls sponge and Computer rolls scissors
[2020-09-28T18:05:12.452451] - Computer takes the round!
[2020-09-28T18:05:12.452451] - Score is John: 0 and Computer: 2.
[2020-09-28T18:05:17.338969] - John rolls water and Computer rolls air
[2020-09-28T18:05:17.339977] - Computer takes the round!
[2020-09-28T18:05:17.339977] - Score is John: 0 and Computer: 3.
[2020-09-28T18:05:17.341967] - Computer wins the game!
[2020-09-28T18:05:17.342967] - Game over!
